<?xml version="1.0" encoding="UTF-8"?>
<coverage generated="1725581039424" clover="3.2.0">
  <project timestamp="1725581039424" name="All files">
    <metrics statements="19" coveredstatements="19" conditionals="1" coveredconditionals="1" methods="3" coveredmethods="3" elements="23" coveredelements="23" complexity="0" loc="19" ncloc="19" packages="1" files="2" classes="2"/>
    <file name="Util.ts" path="/Users/angeloluz/POON2024.2/Util.ts">
      <metrics statements="2" coveredstatements="2" conditionals="0" coveredconditionals="0" methods="1" coveredmethods="1"/>
      <line num="1" count="1" type="stmt"/>
      <line num="3" count="30" type="stmt"/>
    </file>
    <file name="personagem.ts" path="/Users/angeloluz/POON2024.2/personagem.ts">
      <metrics statements="17" coveredstatements="17" conditionals="1" coveredconditionals="1" methods="2" coveredmethods="2"/>
      <line num="1" count="1" type="stmt"/>
      <line num="3" count="1" type="stmt"/>
      <line num="17" count="3" type="stmt"/>
      <line num="18" count="3" type="stmt"/>
      <line num="19" count="3" type="stmt"/>
      <line num="20" count="3" type="stmt"/>
      <line num="21" count="3" type="stmt"/>
      <line num="22" count="3" type="stmt"/>
      <line num="23" count="3" type="stmt"/>
      <line num="24" count="3" type="stmt"/>
      <line num="25" count="3" type="stmt"/>
      <line num="26" count="3" type="stmt"/>
      <line num="27" count="3" type="stmt"/>
      <line num="31" count="3" type="stmt"/>
      <line num="32" count="3" type="stmt"/>
      <line num="34" count="3" type="cond" truecount="1" falsecount="0"/>
      <line num="35" count="1" type="stmt"/>
    </file>
  </project>
</coverage>
