{"/Users/angeloluz/POON2024.2/Util.ts": {"path":"/Users/angeloluz/POON2024.2/Util.ts","statementMap":{"0":{"start":{"line":3,"column":8},"end":{"line":3,"column":61}},"1":{"start":{"line":1,"column":0},"end":{"line":1,"column":13}}},"fnMap":{"0":{"name":"(anonymous_0)","decl":{"start":{"line":2,"column":4},"end":{"line":2,"column":10}},"loc":{"start":{"line":2,"column":46},"end":{"line":4,"column":5}}}},"branchMap":{},"s":{"0":30,"1":1},"f":{"0":30},"b":{}}
,"/Users/angeloluz/POON2024.2/personagem.ts": {"path":"/Users/angeloluz/POON2024.2/personagem.ts","statementMap":{"0":{"start":{"line":1,"column":0},"end":{"line":1,"column":30}},"1":{"start":{"line":17,"column":8},"end":{"line":17,"column":25}},"2":{"start":{"line":18,"column":8},"end":{"line":18,"column":46}},"3":{"start":{"line":19,"column":8},"end":{"line":19,"column":46}},"4":{"start":{"line":20,"column":8},"end":{"line":20,"column":46}},"5":{"start":{"line":21,"column":8},"end":{"line":21,"column":46}},"6":{"start":{"line":22,"column":8},"end":{"line":22,"column":49}},"7":{"start":{"line":23,"column":8},"end":{"line":23,"column":48}},"8":{"start":{"line":24,"column":8},"end":{"line":24,"column":50}},"9":{"start":{"line":25,"column":8},"end":{"line":25,"column":43}},"10":{"start":{"line":26,"column":8},"end":{"line":26,"column":23}},"11":{"start":{"line":27,"column":8},"end":{"line":27,"column":25}},"12":{"start":{"line":31,"column":8},"end":{"line":31,"column":64}},"13":{"start":{"line":32,"column":8},"end":{"line":32,"column":68}},"14":{"start":{"line":34,"column":8},"end":{"line":36,"column":9}},"15":{"start":{"line":35,"column":12},"end":{"line":35,"column":46}},"16":{"start":{"line":3,"column":0},"end":{"line":3,"column":13}}},"fnMap":{"0":{"name":"(anonymous_0)","decl":{"start":{"line":16,"column":4},"end":{"line":16,"column":16}},"loc":{"start":{"line":16,"column":28},"end":{"line":28,"column":5}}},"1":{"name":"(anonymous_1)","decl":{"start":{"line":29,"column":4},"end":{"line":29,"column":17}},"loc":{"start":{"line":29,"column":42},"end":{"line":37,"column":5}}}},"branchMap":{"0":{"loc":{"start":{"line":34,"column":8},"end":{"line":36,"column":9}},"type":"if","locations":[{"start":{"line":34,"column":8},"end":{"line":36,"column":9}}]}},"s":{"0":1,"1":3,"2":3,"3":3,"4":3,"5":3,"6":3,"7":3,"8":3,"9":3,"10":3,"11":3,"12":3,"13":3,"14":3,"15":1,"16":1},"f":{"0":3,"1":3},"b":{"0":[1]}}
}
